{"total": {"lines":{"total":229,"covered":83,"skipped":0,"pct":36.24},"statements":{"total":270,"covered":115,"skipped":0,"pct":42.59},"functions":{"total":31,"covered":10,"skipped":0,"pct":32.25},"branches":{"total":126,"covered":86,"skipped":0,"pct":68.25},"branchesTrue":{"total":0,"covered":0,"skipped":0,"pct":100}}
,"/home/runner/work/City-Of-Truth-Ministries/City-Of-Truth-Ministries/components/CalendarLogic.ts": {"lines":{"total":68,"covered":55,"skipped":0,"pct":80.88},"functions":{"total":5,"covered":3,"skipped":0,"pct":60},"statements":{"total":98,"covered":83,"skipped":0,"pct":84.69},"branches":{"total":86,"covered":79,"skipped":0,"pct":91.86}}
,"/home/runner/work/City-Of-Truth-Ministries/City-Of-Truth-Ministries/services/api.ts": {"lines":{"total":161,"covered":28,"skipped":0,"pct":17.39},"functions":{"total":26,"covered":7,"skipped":0,"pct":26.92},"statements":{"total":172,"covered":32,"skipped":0,"pct":18.6},"branches":{"total":40,"covered":7,"skipped":0,"pct":17.5}}
}
